[2026-02-11 10:44:02.326] [‚ùå ERROR] [Licencia] Error en consulta: HTTPConnectionPool(host='localhost', port=5000): Read timed out. (read timeout=10)
[2026-02-11 10:44:02.327] [‚ö†Ô∏è WARNING] [Licencia] Validaci√≥n fallida: Error consultando saldo
[2026-02-11 10:45:46.594] [‚ö†Ô∏è WARNING] [Licencia] Validaci√≥n fallida: HTTP 500
[2026-02-11 14:49:08.461] [‚ùå ERROR] [IngresoItems] ‚ùå No se encontr√≥ c√≥digo CUPS en data.cups
[2026-02-11 14:49:08.464] [‚ùå ERROR] [IngresoItems] ‚ùå Error general en IntemsAndFor: C√≥digo CUPS no encontrado en data
  Exception: Exception: C√≥digo CUPS no encontrado en data
[2026-02-11 14:49:10.581] [‚ùå ERROR] [EjecutarCaso] ‚ùì ERROR NO CLASIFICADO: C√≥digo CUPS no encontrado en data
  Exception: Exception: C√≥digo CUPS no encontrado en data
[2026-02-11 14:49:15.952] [‚ùå ERROR] [Worker] Error procesando VICTOR ACOSTA
  Exception: Exception: Error ejecutando caso
[2026-02-11 14:49:15.959] [‚ö†Ô∏è WARNING] [Worker] ‚ö†Ô∏è Error desconocido, marcando como ERROR final: Error ejecutando caso
[14:49:20] [üì∏ SCREENSHOT] Screenshot guardado: c:\python\boot-oro\screenshots\error_409857.png
  Orden: 409857
  Error: Error no clasificado: Error ejecutando caso
[2026-02-11 14:49:20.471] [‚ùå ERROR] [Worker] ‚ùå Orden 409857 marcada como ERROR: Error no clasificado: Error ejecutando caso
[2026-02-11 15:37:55.247] [‚ùå ERROR] [Worker] Error asegurando navegador activo
  Exception: NameError: name 'sys' is not defined
[2026-02-11 15:37:55.256] [‚ùå ERROR] [Worker] No se pudo iniciar navegador, esperando...
[2026-02-11 15:41:30.161] [‚ùå ERROR] [Login] No se pudo ingresar usuario
[2026-02-11 15:41:30.171] [‚ùå ERROR] [Worker] No se pudo iniciar navegador, esperando...
