[2026-02-03 18:04:08.864] [‚ö†Ô∏è WARNING] [PDFAnexo3] ‚ö†Ô∏è Logo no encontrado en: C:\\python\\boot-oro\\resources\\images\\anexo3_header.png
[2026-02-03 18:04:08.866] [‚ùå ERROR] [PDFAnexo3] Error generando Anexo 3
  Exception: TypeError: 'usedforsecurity' is an invalid keyword argument for openssl_md5()
[2026-02-03 18:05:08.897] [‚ö†Ô∏è WARNING] [PDFAnexo3] ‚ö†Ô∏è Logo no encontrado en: C:\\python\\boot-oro\\resources\\images\\anexo3_header.png
[2026-02-03 18:05:08.905] [‚ùå ERROR] [PDFAnexo3] Error generando Anexo 3
  Exception: AttributeError: 'str' object has no attribute 'wrapOn'
[2026-02-03 18:07:38.386] [‚ö†Ô∏è WARNING] [PDFAnexo3] ‚ö†Ô∏è Logo no encontrado
[2026-02-03 20:23:12.292] [‚ö†Ô∏è WARNING] [Test] Mensaje de advertencia
[2026-02-03 20:23:12.293] [‚ùå ERROR] [Test] Mensaje de error
[2026-02-03 21:42:16.042] [‚ùå ERROR] [Worker] Error procesando KEVIN BALDELAMAR
  Exception: NameError: name 'PDFAnexo3Service' is not defined
[2026-02-03 21:42:16.057] [‚ö†Ô∏è WARNING] [Worker] ‚ö†Ô∏è Error desconocido, marcando como ERROR final: name 'PDFAnexo3Service' is not defined
[21:42:20] [üì∏ SCREENSHOT] Screenshot guardado: screenshots\error_399795.png
  Orden: 399795
  Error: Error no clasificado: name 'PDFAnexo3Service' is not defined
[2026-02-03 21:42:20.570] [‚ùå ERROR] [Worker] ‚ùå Orden 399795 marcada como ERROR: Error no clasificado: name 'PDFAnexo3Service' is not defined
[2026-02-03 21:44:07.448] [‚ùå ERROR] [Worker] Error procesando KEVIN BALDELAMAR
  Exception: NameError: name 'PDFAnexo3Service' is not defined
[2026-02-03 21:44:21.229] [‚ö†Ô∏è WARNING] [Worker] ‚ö†Ô∏è Error desconocido, marcando como ERROR final: name 'PDFAnexo3Service' is not defined
[21:44:26] [üì∏ SCREENSHOT] Screenshot guardado: screenshots\error_399795.png
  Orden: 399795
  Error: Error no clasificado: name 'PDFAnexo3Service' is not defined
[2026-02-03 21:44:26.325] [‚ùå ERROR] [Worker] ‚ùå Orden 399795 marcada como ERROR: Error no clasificado: name 'PDFAnexo3Service' is not defined
[2026-02-03 21:49:08.388] [‚ùå ERROR] [Login] Error resolviendo CAPTCHA: bad response: 500
[2026-02-03 21:49:08.395] [‚ùå ERROR] [Login] Error resolviendo CAPTCHA
  Exception: NetworkException: bad response: 500
[2026-02-03 21:49:08.408] [‚ùå ERROR] [Worker] No se pudo iniciar navegador, esperando...
